/Users/andrejnekrasov/mambaforge/envs/ib.venv/bin/quast.py refs/SRR292678/contigs.fasta refs/SRR292678/scaffolds.fasta refs/scaffolds.fasta -t 1 -o quast/long_reads

Version: 5.2.0

System information:
  OS: macOS-15.2-x86_64-i386-64bit-Mach-O (macosx)
  Python version: 3.14.0
  CPUs number: 8

Started: 2025-12-13 00:50:36

Logging to /Users/andrejnekrasov/IB/practicum/practicum_project_3/quast/long_reads/quast.log

CWD: /Users/andrejnekrasov/IB/practicum/practicum_project_3
Main parameters: 
  MODE: default, threads: 1, min contig length: 500, min alignment length: 65, min alignment IDY: 95.0, \
  ambiguity: one, min local misassembly length: 200, min extensive misassembly length: 1000

Contigs:
  Pre-processing...
  1  refs/SRR292678/contigs.fasta ==> contigs
  2  refs/SRR292678/scaffolds.fasta ==> SRR292678_scaffolds
  3  refs/scaffolds.fasta ==> refs_scaffolds

2025-12-13 00:50:37
Running Basic statistics processor...
  Contig files: 
    1  contigs
    2  SRR292678_scaffolds
    3  refs_scaffolds
  Calculating N50 and L50...
    1  contigs, N50 = 111860, L50 = 14, auN = 131921.2, Total length = 5295721, GC % = 50.56, # N's per 100 kbp =  0.00
    2  SRR292678_scaffolds, N50 = 111860, L50 = 14, auN = 131704.5, Total length = 5304595, GC % = 50.53, # N's per 100 kbp =  33.74
    3  refs_scaffolds, N50 = 968098, L50 = 2, auN = 1517684.0, Total length = 5433714, GC % = 50.60, # N's per 100 kbp =  25.84
  Drawing Nx plot...
    saved to /Users/andrejnekrasov/IB/practicum/practicum_project_3/quast/long_reads/basic_stats/Nx_plot.pdf
  Drawing cumulative plot...
    saved to /Users/andrejnekrasov/IB/practicum/practicum_project_3/quast/long_reads/basic_stats/cumulative_plot.pdf
  Drawing GC content plot...
    saved to /Users/andrejnekrasov/IB/practicum/practicum_project_3/quast/long_reads/basic_stats/GC_content_plot.pdf
  Drawing contigs GC content plot...
    saved to /Users/andrejnekrasov/IB/practicum/practicum_project_3/quast/long_reads/basic_stats/contigs_GC_content_plot.pdf
  Drawing SRR292678_scaffolds GC content plot...
    saved to /Users/andrejnekrasov/IB/practicum/practicum_project_3/quast/long_reads/basic_stats/SRR292678_scaffolds_GC_content_plot.pdf
  Drawing refs_scaffolds GC content plot...
    saved to /Users/andrejnekrasov/IB/practicum/practicum_project_3/quast/long_reads/basic_stats/refs_scaffolds_GC_content_plot.pdf
  Drawing Coverage histogram (bin size: 1x)...
    saved to /Users/andrejnekrasov/IB/practicum/practicum_project_3/quast/long_reads/basic_stats/coverage_histogram.pdf
  Drawing contigs coverage histogram (bin size: 1x)...
    saved to /Users/andrejnekrasov/IB/practicum/practicum_project_3/quast/long_reads/basic_stats/contigs_coverage_histogram.pdf
  Drawing SRR292678_scaffolds coverage histogram (bin size: 1x)...
    saved to /Users/andrejnekrasov/IB/practicum/practicum_project_3/quast/long_reads/basic_stats/SRR292678_scaffolds_coverage_histogram.pdf
  Drawing refs_scaffolds coverage histogram (bin size: 1x)...
    saved to /Users/andrejnekrasov/IB/practicum/practicum_project_3/quast/long_reads/basic_stats/refs_scaffolds_coverage_histogram.pdf
Done.

NOTICE: Genes are not predicted by default. Use --gene-finding or --glimmer option to enable it.

2025-12-13 00:50:39
Creating large visual summaries...
This may take a while: press Ctrl-C to skip this step..
  1 of 2: Creating PDF with all tables and plots...
  2 of 2: Creating Icarus viewers...
Done

2025-12-13 00:50:39
RESULTS:
  Text versions of total report are saved to /Users/andrejnekrasov/IB/practicum/practicum_project_3/quast/long_reads/report.txt, report.tsv, and report.tex
  Text versions of transposed total report are saved to /Users/andrejnekrasov/IB/practicum/practicum_project_3/quast/long_reads/transposed_report.txt, transposed_report.tsv, and transposed_report.tex
  HTML version (interactive tables and plots) is saved to /Users/andrejnekrasov/IB/practicum/practicum_project_3/quast/long_reads/report.html
  PDF version (tables and plots) is saved to /Users/andrejnekrasov/IB/practicum/practicum_project_3/quast/long_reads/report.pdf
  Icarus (contig browser) is saved to /Users/andrejnekrasov/IB/practicum/practicum_project_3/quast/long_reads/icarus.html
  Log is saved to /Users/andrejnekrasov/IB/practicum/practicum_project_3/quast/long_reads/quast.log

Finished: 2025-12-13 00:50:39
Elapsed time: 0:00:03.881147
NOTICEs: 1; WARNINGs: 0; non-fatal ERRORs: 0

Thank you for using QUAST!
